<?xml version="1.0" encoding="UTF-8"?>
<!-- Generated by org.testng.reporters.JUnitReportReporter -->
<testsuite skipped="0" hostname="Naresh-HP" name="com.zoopla.tests.AgentPage" tests="2" failures="0" timestamp="08 Sep 2020 03:15:03 GMT" time="5.226" errors="0">
  <testcase name="clickOnAgentName" time="2.359" classname="com.zoopla.tests.AgentPage"/>
  <testcase name="verifyNameInAgentPage" time="2.867" classname="com.zoopla.tests.AgentPage"/>
</testsuite> <!-- com.zoopla.tests.AgentPage -->
