<?xml version="1.0" encoding="UTF-8"?>
<!-- Generated by org.testng.reporters.JUnitReportReporter -->
<testsuite skipped="0" hostname="Naresh-HP" name="com.zoopla.tests.ZooplaTest" tests="14" failures="0" timestamp="08 Sep 2020 07:06:08 GMT" time="48.931" errors="0">
  <testcase name="openBrowser" time="12.083" classname="com.zoopla.tests.ZooplaTest"/>
  <testcase name="openBrowser" time="8.000" classname="com.zoopla.tests.ZooplaTest"/>
  <testcase name="validateHomePage" time="0.510" classname="com.zoopla.tests.ZooplaTest"/>
  <testcase name="validateHomePage" time="0.757" classname="com.zoopla.tests.ZooplaTest"/>
  <testcase name="enterSearchText" time="6.009" classname="com.zoopla.tests.ZooplaTest"/>
  <testcase name="enterSearchText" time="4.161" classname="com.zoopla.tests.ZooplaTest"/>
  <testcase name="sortPrice" time="1.392" classname="com.zoopla.tests.ZooplaTest"/>
  <testcase name="sortPrice" time="2.609" classname="com.zoopla.tests.ZooplaTest"/>
  <testcase name="selectNthSearchRes" time="2.617" classname="com.zoopla.tests.ZooplaTest"/>
  <testcase name="selectNthSearchRes" time="3.244" classname="com.zoopla.tests.ZooplaTest"/>
  <testcase name="clickOnAgentName" time="4.801" classname="com.zoopla.tests.ZooplaTest"/>
  <testcase name="clickOnAgentName" time="2.206" classname="com.zoopla.tests.ZooplaTest"/>
  <testcase name="verifyNameInAgentPage" time="0.091" classname="com.zoopla.tests.ZooplaTest"/>
  <testcase name="verifyNameInAgentPage" time="0.451" classname="com.zoopla.tests.ZooplaTest"/>
</testsuite> <!-- com.zoopla.tests.ZooplaTest -->
