<?xml version="1.0" encoding="UTF-8"?>
<!-- Generated by org.testng.reporters.JUnitReportReporter -->
<testsuite skipped="0" hostname="Naresh-HP" name="com.zoopla.tests.SearchPage" tests="2" failures="0" timestamp="08 Sep 2020 03:15:03 GMT" time="8.232" errors="0">
  <testcase name="sortPrice" time="7.106" classname="com.zoopla.tests.SearchPage"/>
  <testcase name="selectNthSearchRes" time="1.126" classname="com.zoopla.tests.SearchPage"/>
</testsuite> <!-- com.zoopla.tests.SearchPage -->
